2019-01-10 03:03:56 12496 [Note] Plugin 'FEDERATED' is disabled.
2019-01-10 03:03:56 12496 [Note] InnoDB: The InnoDB memory heap is disabled
2019-01-10 03:03:56 12496 [Note] InnoDB: Mutexes and rw_locks use Windows interlocked functions
2019-01-10 03:03:56 12496 [Note] InnoDB: Compressed tables use zlib 1.2.3
2019-01-10 03:03:56 12496 [Note] InnoDB: Not using CPU crc32 instructions
2019-01-10 03:03:56 12496 [Note] InnoDB: Initializing buffer pool, size = 128.0M
2019-01-10 03:03:56 12496 [Note] InnoDB: Completed initialization of buffer pool
2019-01-10 03:03:56 12496 [Note] InnoDB: Highest supported file format is Barracuda.
2019-01-10 03:03:56 12496 [Note] InnoDB: The log sequence numbers 1626134 and 1626134 in ibdata files do not match the log sequence number 1654382 in the ib_logfiles!
2019-01-10 03:03:56 12496 [Note] InnoDB: Database was not shutdown normally!
2019-01-10 03:03:56 12496 [Note] InnoDB: Starting crash recovery.
2019-01-10 03:03:56 12496 [Note] InnoDB: Reading tablespace information from the .ibd files...
2019-01-10 03:03:56 12496 [Note] InnoDB: Restoring possible half-written data pages 
2019-01-10 03:03:56 12496 [Note] InnoDB: from the doublewrite buffer...
2019-01-10 03:03:57 12496 [Note] InnoDB: 128 rollback segment(s) are active.
2019-01-10 03:03:57 12496 [Note] InnoDB: Waiting for purge to start
2019-01-10 03:03:57 12496 [Note] InnoDB: 5.6.13 started; log sequence number 1654382
2019-01-10 03:03:57 12496 [Note] Server hostname (bind-address): '*'; port: 3307
2019-01-10 03:03:57 12496 [Note] IPv6 is available.
2019-01-10 03:03:57 12496 [Note]   - '::' resolves to '::';
2019-01-10 03:03:57 12496 [Note] Server socket created on IP: '::'.
2019-01-10 03:03:57 12496 [Note] Event Scheduler: Loaded 0 events
2019-01-10 03:03:57 12496 [Note] E:\Malitha\USBWebserver v8.6(1)/mysql/bin/mysqld_usbwv8.exe: ready for connections.
Version: '5.6.13'  socket: ''  port: 3307  MySQL Community Server (GPL)
2019-01-10 04:51:51 3668 [Note] Plugin 'FEDERATED' is disabled.
2019-01-10 04:51:51 3668 [Note] InnoDB: The InnoDB memory heap is disabled
2019-01-10 04:51:51 3668 [Note] InnoDB: Mutexes and rw_locks use Windows interlocked functions
2019-01-10 04:51:51 3668 [Note] InnoDB: Compressed tables use zlib 1.2.3
2019-01-10 04:51:51 3668 [Note] InnoDB: Not using CPU crc32 instructions
2019-01-10 04:51:51 3668 [Note] InnoDB: Initializing buffer pool, size = 128.0M
2019-01-10 04:51:51 3668 [Note] InnoDB: Completed initialization of buffer pool
2019-01-10 04:51:51 3668 [Note] InnoDB: Highest supported file format is Barracuda.
2019-01-10 04:51:51 3668 [Note] InnoDB: The log sequence numbers 1626134 and 1626134 in ibdata files do not match the log sequence number 1654392 in the ib_logfiles!
2019-01-10 04:51:51 3668 [Note] InnoDB: Database was not shutdown normally!
2019-01-10 04:51:51 3668 [Note] InnoDB: Starting crash recovery.
2019-01-10 04:51:51 3668 [Note] InnoDB: Reading tablespace information from the .ibd files...
2019-01-10 04:51:51 3668 [Note] InnoDB: Restoring possible half-written data pages 
2019-01-10 04:51:51 3668 [Note] InnoDB: from the doublewrite buffer...
2019-01-10 04:51:52 3668 [Note] InnoDB: 128 rollback segment(s) are active.
2019-01-10 04:51:52 3668 [Note] InnoDB: Waiting for purge to start
2019-01-10 04:51:52 3668 [Note] InnoDB: 5.6.13 started; log sequence number 1654392
2019-01-10 04:51:52 3668 [Note] Server hostname (bind-address): '*'; port: 3307
2019-01-10 04:51:52 3668 [Note] IPv6 is available.
2019-01-10 04:51:52 3668 [Note]   - '::' resolves to '::';
2019-01-10 04:51:52 3668 [Note] Server socket created on IP: '::'.
2019-01-10 07:10:21 8700 [Note] Plugin 'FEDERATED' is disabled.
2019-01-10 07:10:21 8700 [Note] InnoDB: The InnoDB memory heap is disabled
2019-01-10 07:10:21 8700 [Note] InnoDB: Mutexes and rw_locks use Windows interlocked functions
2019-01-10 07:10:21 8700 [Note] InnoDB: Compressed tables use zlib 1.2.3
2019-01-10 07:10:21 8700 [Note] InnoDB: Not using CPU crc32 instructions
2019-01-10 07:10:21 8700 [Note] InnoDB: Initializing buffer pool, size = 128.0M
2019-01-10 07:10:21 8700 [Note] InnoDB: Completed initialization of buffer pool
2019-01-10 07:10:21 8700 [Note] InnoDB: Highest supported file format is Barracuda.
2019-01-10 07:10:21 8700 [Note] InnoDB: The log sequence numbers 1626134 and 1626134 in ibdata files do not match the log sequence number 1663739 in the ib_logfiles!
2019-01-10 07:10:21 8700 [Note] InnoDB: Database was not shutdown normally!
2019-01-10 07:10:21 8700 [Note] InnoDB: Starting crash recovery.
2019-01-10 07:10:21 8700 [Note] InnoDB: Reading tablespace information from the .ibd files...
2019-01-10 07:10:21 8700 [Note] InnoDB: Restoring possible half-written data pages 
2019-01-10 07:10:21 8700 [Note] InnoDB: from the doublewrite buffer...
2019-01-10 07:10:22 8700 [Note] InnoDB: 128 rollback segment(s) are active.
2019-01-10 07:10:22 8700 [Note] InnoDB: Waiting for purge to start
2019-01-10 07:10:22 8700 [Note] InnoDB: 5.6.13 started; log sequence number 1663739
2019-01-10 07:10:22 8700 [Note] Server hostname (bind-address): '*'; port: 3307
2019-01-10 07:10:22 8700 [Note] IPv6 is available.
2019-01-10 07:10:22 8700 [Note]   - '::' resolves to '::';
2019-01-10 07:10:22 8700 [Note] Server socket created on IP: '::'.
2019-01-10 10:25:19 9632 [Note] Plugin 'FEDERATED' is disabled.
2019-01-10 10:25:19 9632 [Note] InnoDB: The InnoDB memory heap is disabled
2019-01-10 10:25:19 9632 [Note] InnoDB: Mutexes and rw_locks use Windows interlocked functions
2019-01-10 10:25:19 9632 [Note] InnoDB: Compressed tables use zlib 1.2.3
2019-01-10 10:25:19 9632 [Note] InnoDB: Not using CPU crc32 instructions
2019-01-10 10:25:19 9632 [Note] InnoDB: Initializing buffer pool, size = 128.0M
2019-01-10 10:25:19 9632 [Note] InnoDB: Completed initialization of buffer pool
2019-01-10 10:25:20 9632 [Note] InnoDB: Highest supported file format is Barracuda.
2019-01-10 10:25:20 9632 [Note] InnoDB: The log sequence numbers 1626134 and 1626134 in ibdata files do not match the log sequence number 1663749 in the ib_logfiles!
2019-01-10 10:25:20 9632 [Note] InnoDB: Database was not shutdown normally!
2019-01-10 10:25:20 9632 [Note] InnoDB: Starting crash recovery.
2019-01-10 10:25:20 9632 [Note] InnoDB: Reading tablespace information from the .ibd files...
2019-01-10 10:25:20 9632 [Note] InnoDB: Restoring possible half-written data pages 
2019-01-10 10:25:20 9632 [Note] InnoDB: from the doublewrite buffer...
2019-01-10 10:25:20 9632 [Note] InnoDB: 128 rollback segment(s) are active.
2019-01-10 10:25:20 9632 [Note] InnoDB: Waiting for purge to start
2019-01-10 10:25:20 9632 [Note] InnoDB: 5.6.13 started; log sequence number 1663749
2019-01-10 10:25:20 9632 [Note] Server hostname (bind-address): '*'; port: 3307
2019-01-10 10:25:20 9632 [Note] IPv6 is available.
2019-01-10 10:25:20 9632 [Note]   - '::' resolves to '::';
2019-01-10 10:25:20 9632 [Note] Server socket created on IP: '::'.
2019-01-11 23:46:33 10260 [Note] Plugin 'FEDERATED' is disabled.
2019-01-11 23:46:33 10260 [Note] InnoDB: The InnoDB memory heap is disabled
2019-01-11 23:46:33 10260 [Note] InnoDB: Mutexes and rw_locks use Windows interlocked functions
2019-01-11 23:46:33 10260 [Note] InnoDB: Compressed tables use zlib 1.2.3
2019-01-11 23:46:33 10260 [Note] InnoDB: Not using CPU crc32 instructions
2019-01-11 23:46:33 10260 [Note] InnoDB: Initializing buffer pool, size = 128.0M
2019-01-11 23:46:33 10260 [Note] InnoDB: Completed initialization of buffer pool
2019-01-11 23:46:33 10260 [Note] InnoDB: Highest supported file format is Barracuda.
2019-01-11 23:46:33 10260 [Note] InnoDB: The log sequence numbers 1626134 and 1626134 in ibdata files do not match the log sequence number 1663759 in the ib_logfiles!
2019-01-11 23:46:33 10260 [Note] InnoDB: Database was not shutdown normally!
2019-01-11 23:46:33 10260 [Note] InnoDB: Starting crash recovery.
2019-01-11 23:46:33 10260 [Note] InnoDB: Reading tablespace information from the .ibd files...
2019-01-11 23:46:33 10260 [Note] InnoDB: Restoring possible half-written data pages 
2019-01-11 23:46:33 10260 [Note] InnoDB: from the doublewrite buffer...
2019-01-11 23:46:34 10260 [Note] InnoDB: 128 rollback segment(s) are active.
2019-01-11 23:46:34 10260 [Note] InnoDB: Waiting for purge to start
2019-01-11 23:46:34 10260 [Note] InnoDB: 5.6.13 started; log sequence number 1663759
2019-01-11 23:46:34 10260 [Note] Server hostname (bind-address): '*'; port: 3307
2019-01-11 23:46:34 10260 [Note] IPv6 is available.
2019-01-11 23:46:34 10260 [Note]   - '::' resolves to '::';
2019-01-11 23:46:34 10260 [Note] Server socket created on IP: '::'.
2019-01-13 10:50:37 10948 [Note] Plugin 'FEDERATED' is disabled.
2019-01-13 10:50:37 10948 [Note] InnoDB: The InnoDB memory heap is disabled
2019-01-13 10:50:37 10948 [Note] InnoDB: Mutexes and rw_locks use Windows interlocked functions
2019-01-13 10:50:37 10948 [Note] InnoDB: Compressed tables use zlib 1.2.3
2019-01-13 10:50:37 10948 [Note] InnoDB: Not using CPU crc32 instructions
2019-01-13 10:50:37 10948 [Note] InnoDB: Initializing buffer pool, size = 128.0M
2019-01-13 10:50:37 10948 [Note] InnoDB: Completed initialization of buffer pool
2019-01-13 10:50:37 10948 [Note] InnoDB: Highest supported file format is Barracuda.
2019-01-13 10:50:37 10948 [Note] InnoDB: The log sequence numbers 1626134 and 1626134 in ibdata files do not match the log sequence number 1663769 in the ib_logfiles!
2019-01-13 10:50:37 10948 [Note] InnoDB: Database was not shutdown normally!
2019-01-13 10:50:37 10948 [Note] InnoDB: Starting crash recovery.
2019-01-13 10:50:37 10948 [Note] InnoDB: Reading tablespace information from the .ibd files...
2019-01-13 10:50:37 10948 [Note] InnoDB: Restoring possible half-written data pages 
2019-01-13 10:50:37 10948 [Note] InnoDB: from the doublewrite buffer...
2019-01-13 10:50:38 10948 [Note] InnoDB: 128 rollback segment(s) are active.
2019-01-13 10:50:38 10948 [Note] InnoDB: Waiting for purge to start
2019-01-13 10:50:38 10948 [Note] InnoDB: 5.6.13 started; log sequence number 1663769
2019-01-13 10:50:38 10948 [Note] Server hostname (bind-address): '*'; port: 3307
2019-01-13 10:50:38 10948 [Note] IPv6 is available.
2019-01-13 10:50:38 10948 [Note]   - '::' resolves to '::';
2019-01-13 10:50:38 10948 [Note] Server socket created on IP: '::'.
2019-01-13 11:44:33 9416 [Note] Plugin 'FEDERATED' is disabled.
2019-01-13 11:44:33 9416 [Note] InnoDB: The InnoDB memory heap is disabled
2019-01-13 11:44:33 9416 [Note] InnoDB: Mutexes and rw_locks use Windows interlocked functions
2019-01-13 11:44:33 9416 [Note] InnoDB: Compressed tables use zlib 1.2.3
2019-01-13 11:44:33 9416 [Note] InnoDB: Not using CPU crc32 instructions
2019-01-13 11:44:33 9416 [Note] InnoDB: Initializing buffer pool, size = 128.0M
2019-01-13 11:44:33 9416 [Note] InnoDB: Completed initialization of buffer pool
2019-01-13 11:44:33 9416 [ERROR] InnoDB: D:\Education\University of Peradeniya\Computer Engineering\Semester 04\CO226 Database Systems\Project\USBWebserver v8.6(1)\mysql\data\ibdata1 can't be opened in read-write mode
2019-01-13 11:44:33 9416 [ERROR] InnoDB: The system tablespace must be writable!
2019-01-13 11:44:33 9416 [ERROR] Plugin 'InnoDB' init function returned error.
2019-01-13 11:44:33 9416 [ERROR] Plugin 'InnoDB' registration as a STORAGE ENGINE failed.
2019-01-13 11:44:33 9416 [ERROR] Unknown/unsupported storage engine: InnoDB
2019-01-13 11:44:33 9416 [ERROR] Aborting

2019-01-13 11:44:33 9416 [Note] Binlog end
2019-01-13 11:44:33 9416 [Note] Shutting down plugin 'partition'
2019-01-13 11:44:33 9416 [Note] Shutting down plugin 'PERFORMANCE_SCHEMA'
2019-01-13 11:44:33 9416 [Note] Shutting down plugin 'INNODB_SYS_DATAFILES'
2019-01-13 11:44:33 9416 [Note] Shutting down plugin 'INNODB_SYS_TABLESPACES'
2019-01-13 11:44:33 9416 [Note] Shutting down plugin 'INNODB_SYS_FOREIGN_COLS'
2019-01-13 11:44:33 9416 [Note] Shutting down plugin 'INNODB_SYS_FOREIGN'
2019-01-13 11:44:33 9416 [Note] Shutting down plugin 'INNODB_SYS_FIELDS'
2019-01-13 11:44:33 9416 [Note] Shutting down plugin 'INNODB_SYS_COLUMNS'
2019-01-13 11:44:33 9416 [Note] Shutting down plugin 'INNODB_SYS_INDEXES'
2019-01-13 11:44:33 9416 [Note] Shutting down plugin 'INNODB_SYS_TABLESTATS'
2019-01-13 11:44:33 9416 [Note] Shutting down plugin 'INNODB_SYS_TABLES'
2019-01-13 11:44:33 9416 [Note] Shutting down plugin 'INNODB_FT_INDEX_TABLE'
2019-01-13 11:44:33 9416 [Note] Shutting down plugin 'INNODB_FT_INDEX_CACHE'
2019-01-13 11:44:33 9416 [Note] Shutting down plugin 'INNODB_FT_CONFIG'
2019-01-13 11:44:33 9416 [Note] Shutting down plugin 'INNODB_FT_BEING_DELETED'
2019-01-13 11:44:33 9416 [Note] Shutting down plugin 'INNODB_FT_DELETED'
2019-01-13 11:44:33 9416 [Note] Shutting down plugin 'INNODB_FT_DEFAULT_STOPWORD'
2019-01-13 11:44:33 9416 [Note] Shutting down plugin 'INNODB_METRICS'
2019-01-13 11:44:33 9416 [Note] Shutting down plugin 'INNODB_BUFFER_POOL_STATS'
2019-01-13 11:44:33 9416 [Note] Shutting down plugin 'INNODB_BUFFER_PAGE_LRU'
2019-01-13 11:44:33 9416 [Note] Shutting down plugin 'INNODB_BUFFER_PAGE'
2019-01-13 11:44:33 9416 [Note] Shutting down plugin 'INNODB_CMP_PER_INDEX_RESET'
2019-01-13 11:44:33 9416 [Note] Shutting down plugin 'INNODB_CMP_PER_INDEX'
2019-01-13 11:44:33 9416 [Note] Shutting down plugin 'INNODB_CMPMEM_RESET'
2019-01-13 11:44:33 9416 [Note] Shutting down plugin 'INNODB_CMPMEM'
2019-01-13 11:44:33 9416 [Note] Shutting down plugin 'INNODB_CMP_RESET'
2019-01-13 11:44:33 9416 [Note] Shutting down plugin 'INNODB_CMP'
2019-01-13 11:44:33 9416 [Note] Shutting down plugin 'INNODB_LOCK_WAITS'
2019-01-13 11:44:33 9416 [Note] Shutting down plugin 'INNODB_LOCKS'
2019-01-13 11:44:33 9416 [Note] Shutting down plugin 'INNODB_TRX'
2019-01-13 11:44:33 9416 [Note] Shutting down plugin 'BLACKHOLE'
2019-01-13 11:44:33 9416 [Note] Shutting down plugin 'ARCHIVE'
2019-01-13 11:44:33 9416 [Note] Shutting down plugin 'MRG_MYISAM'
2019-01-13 11:44:33 9416 [Note] Shutting down plugin 'MyISAM'
2019-01-13 11:44:33 9416 [Note] Shutting down plugin 'MEMORY'
2019-01-13 11:44:33 9416 [Note] Shutting down plugin 'CSV'
2019-01-13 11:44:33 9416 [Note] Shutting down plugin 'sha256_password'
2019-01-13 11:44:33 9416 [Note] Shutting down plugin 'mysql_old_password'
2019-01-13 11:44:33 9416 [Note] Shutting down plugin 'mysql_native_password'
2019-01-13 11:44:33 9416 [Note] Shutting down plugin 'binlog'
2019-01-13 11:44:33 9416 [Note] D:\Education\University of Peradeniya\Computer Engineering\Semester 04\CO226 Database Systems\Project\USBWebserver v8.6(1)/mysql/bin/mysqld_usbwv8.exe: Shutdown complete

2019-01-13 11:45:51 2316 [Note] Plugin 'FEDERATED' is disabled.
2019-01-13 11:45:51 2316 [Note] InnoDB: The InnoDB memory heap is disabled
2019-01-13 11:45:51 2316 [Note] InnoDB: Mutexes and rw_locks use Windows interlocked functions
2019-01-13 11:45:51 2316 [Note] InnoDB: Compressed tables use zlib 1.2.3
2019-01-13 11:45:51 2316 [Note] InnoDB: Not using CPU crc32 instructions
2019-01-13 11:45:51 2316 [Note] InnoDB: Initializing buffer pool, size = 128.0M
2019-01-13 11:45:51 2316 [Note] InnoDB: Completed initialization of buffer pool
2019-01-13 11:45:51 2316 [Note] InnoDB: Highest supported file format is Barracuda.
2019-01-13 11:45:51 2316 [Note] InnoDB: The log sequence numbers 1626134 and 1626134 in ibdata files do not match the log sequence number 1663779 in the ib_logfiles!
2019-01-13 11:45:51 2316 [Note] InnoDB: Database was not shutdown normally!
2019-01-13 11:45:51 2316 [Note] InnoDB: Starting crash recovery.
2019-01-13 11:45:51 2316 [Note] InnoDB: Reading tablespace information from the .ibd files...
2019-01-13 11:45:51 2316 [Note] InnoDB: Restoring possible half-written data pages 
2019-01-13 11:45:51 2316 [Note] InnoDB: from the doublewrite buffer...
2019-01-13 11:45:51 2316 [Note] InnoDB: 128 rollback segment(s) are active.
2019-01-13 11:45:51 2316 [Note] InnoDB: Waiting for purge to start
2019-01-13 11:45:51 2316 [Note] InnoDB: 5.6.13 started; log sequence number 1663779
2019-01-13 11:45:51 2316 [Note] Server hostname (bind-address): '*'; port: 3307
2019-01-13 11:45:51 2316 [Note] IPv6 is available.
2019-01-13 11:45:51 2316 [Note]   - '::' resolves to '::';
2019-01-13 11:45:51 2316 [Note] Server socket created on IP: '::'.
2019-01-13 13:04:19 7612 [Note] Plugin 'FEDERATED' is disabled.
2019-01-13 13:04:19 7612 [Note] InnoDB: The InnoDB memory heap is disabled
2019-01-13 13:04:19 7612 [Note] InnoDB: Mutexes and rw_locks use Windows interlocked functions
2019-01-13 13:04:19 7612 [Note] InnoDB: Compressed tables use zlib 1.2.3
2019-01-13 13:04:19 7612 [Note] InnoDB: Not using CPU crc32 instructions
2019-01-13 13:04:19 7612 [Note] InnoDB: Initializing buffer pool, size = 128.0M
2019-01-13 13:04:19 7612 [Note] InnoDB: Completed initialization of buffer pool
2019-01-13 13:04:19 7612 [Note] InnoDB: Highest supported file format is Barracuda.
2019-01-13 13:04:19 7612 [Note] InnoDB: The log sequence numbers 1626134 and 1626134 in ibdata files do not match the log sequence number 1663789 in the ib_logfiles!
2019-01-13 13:04:19 7612 [Note] InnoDB: Database was not shutdown normally!
2019-01-13 13:04:19 7612 [Note] InnoDB: Starting crash recovery.
2019-01-13 13:04:19 7612 [Note] InnoDB: Reading tablespace information from the .ibd files...
2019-01-13 13:04:20 7612 [Note] InnoDB: Restoring possible half-written data pages 
2019-01-13 13:04:20 7612 [Note] InnoDB: from the doublewrite buffer...
2019-01-13 13:04:20 7612 [Note] InnoDB: 128 rollback segment(s) are active.
2019-01-13 13:04:20 7612 [Note] InnoDB: Waiting for purge to start
2019-01-13 13:04:20 7612 [Note] InnoDB: 5.6.13 started; log sequence number 1663789
2019-01-13 13:04:20 7612 [Note] Server hostname (bind-address): '*'; port: 3307
2019-01-13 13:04:20 7612 [Note] IPv6 is available.
2019-01-13 13:04:20 7612 [Note]   - '::' resolves to '::';
2019-01-13 13:04:20 7612 [Note] Server socket created on IP: '::'.
2019-01-13 13:09:57 9864 [Note] Plugin 'FEDERATED' is disabled.
2019-01-13 13:09:57 9864 [Note] InnoDB: The InnoDB memory heap is disabled
2019-01-13 13:09:57 9864 [Note] InnoDB: Mutexes and rw_locks use Windows interlocked functions
2019-01-13 13:09:57 9864 [Note] InnoDB: Compressed tables use zlib 1.2.3
2019-01-13 13:09:57 9864 [Note] InnoDB: Not using CPU crc32 instructions
2019-01-13 13:09:57 9864 [Note] InnoDB: Initializing buffer pool, size = 128.0M
2019-01-13 13:09:57 9864 [Note] InnoDB: Completed initialization of buffer pool
2019-01-13 13:09:57 9864 [Note] InnoDB: Highest supported file format is Barracuda.
2019-01-13 13:09:57 9864 [Note] InnoDB: The log sequence numbers 1626134 and 1626134 in ibdata files do not match the log sequence number 1663799 in the ib_logfiles!
2019-01-13 13:09:57 9864 [Note] InnoDB: Database was not shutdown normally!
2019-01-13 13:09:57 9864 [Note] InnoDB: Starting crash recovery.
2019-01-13 13:09:57 9864 [Note] InnoDB: Reading tablespace information from the .ibd files...
2019-01-13 13:09:57 9864 [Note] InnoDB: Restoring possible half-written data pages 
2019-01-13 13:09:57 9864 [Note] InnoDB: from the doublewrite buffer...
2019-01-13 13:09:57 9864 [Note] InnoDB: 128 rollback segment(s) are active.
2019-01-13 13:09:57 9864 [Note] InnoDB: Waiting for purge to start
2019-01-13 13:09:57 9864 [Note] InnoDB: 5.6.13 started; log sequence number 1663799
2019-01-13 13:09:58 9864 [Note] Server hostname (bind-address): '*'; port: 3307
2019-01-13 13:09:58 9864 [Note] IPv6 is available.
2019-01-13 13:09:58 9864 [Note]   - '::' resolves to '::';
2019-01-13 13:09:58 9864 [Note] Server socket created on IP: '::'.
2019-01-13 13:36:20 7468 [Note] Plugin 'FEDERATED' is disabled.
2019-01-13 13:36:20 7468 [Note] InnoDB: The InnoDB memory heap is disabled
2019-01-13 13:36:20 7468 [Note] InnoDB: Mutexes and rw_locks use Windows interlocked functions
2019-01-13 13:36:20 7468 [Note] InnoDB: Compressed tables use zlib 1.2.3
2019-01-13 13:36:20 7468 [Note] InnoDB: Not using CPU crc32 instructions
2019-01-13 13:36:20 7468 [Note] InnoDB: Initializing buffer pool, size = 128.0M
2019-01-13 13:36:20 7468 [Note] InnoDB: Completed initialization of buffer pool
2019-01-13 13:36:20 7468 [Note] InnoDB: Highest supported file format is Barracuda.
2019-01-13 13:36:20 7468 [Note] InnoDB: The log sequence numbers 1626134 and 1626134 in ibdata files do not match the log sequence number 1663809 in the ib_logfiles!
2019-01-13 13:36:20 7468 [Note] InnoDB: Database was not shutdown normally!
2019-01-13 13:36:20 7468 [Note] InnoDB: Starting crash recovery.
2019-01-13 13:36:20 7468 [Note] InnoDB: Reading tablespace information from the .ibd files...
2019-01-13 13:36:20 7468 [Note] InnoDB: Restoring possible half-written data pages 
2019-01-13 13:36:20 7468 [Note] InnoDB: from the doublewrite buffer...
2019-01-13 13:36:20 7468 [Note] InnoDB: 128 rollback segment(s) are active.
2019-01-13 13:36:20 7468 [Note] InnoDB: Waiting for purge to start
2019-01-13 13:36:20 7468 [Note] InnoDB: 5.6.13 started; log sequence number 1663809
2019-01-13 13:36:20 7468 [Note] Server hostname (bind-address): '*'; port: 3307
2019-01-13 13:36:20 7468 [Note] IPv6 is available.
2019-01-13 13:36:20 7468 [Note]   - '::' resolves to '::';
2019-01-13 13:36:20 7468 [Note] Server socket created on IP: '::'.
2019-01-13 13:39:04 11316 [Note] Plugin 'FEDERATED' is disabled.
2019-01-13 13:39:04 11316 [Note] InnoDB: The InnoDB memory heap is disabled
2019-01-13 13:39:04 11316 [Note] InnoDB: Mutexes and rw_locks use Windows interlocked functions
2019-01-13 13:39:04 11316 [Note] InnoDB: Compressed tables use zlib 1.2.3
2019-01-13 13:39:04 11316 [Note] InnoDB: Not using CPU crc32 instructions
2019-01-13 13:39:04 11316 [Note] InnoDB: Initializing buffer pool, size = 128.0M
2019-01-13 13:39:04 11316 [Note] InnoDB: Completed initialization of buffer pool
2019-01-13 13:39:04 11316 [Note] InnoDB: Highest supported file format is Barracuda.
2019-01-13 13:39:04 11316 [Note] InnoDB: The log sequence numbers 1626134 and 1626134 in ibdata files do not match the log sequence number 1663819 in the ib_logfiles!
2019-01-13 13:39:04 11316 [Note] InnoDB: Database was not shutdown normally!
2019-01-13 13:39:04 11316 [Note] InnoDB: Starting crash recovery.
2019-01-13 13:39:04 11316 [Note] InnoDB: Reading tablespace information from the .ibd files...
2019-01-13 13:39:04 11316 [Note] InnoDB: Restoring possible half-written data pages 
2019-01-13 13:39:04 11316 [Note] InnoDB: from the doublewrite buffer...
2019-01-13 13:39:05 11316 [Note] InnoDB: 128 rollback segment(s) are active.
2019-01-13 13:39:05 11316 [Note] InnoDB: Waiting for purge to start
2019-01-13 13:39:05 11316 [Note] InnoDB: 5.6.13 started; log sequence number 1663819
2019-01-13 13:39:05 11316 [Note] Server hostname (bind-address): '*'; port: 3307
2019-01-13 13:39:05 11316 [Note] IPv6 is available.
2019-01-13 13:39:05 11316 [Note]   - '::' resolves to '::';
2019-01-13 13:39:05 11316 [Note] Server socket created on IP: '::'.
2019-01-13 18:11:46 3152 [Note] Plugin 'FEDERATED' is disabled.
2019-01-13 18:11:46 3152 [Note] InnoDB: The InnoDB memory heap is disabled
2019-01-13 18:11:46 3152 [Note] InnoDB: Mutexes and rw_locks use Windows interlocked functions
2019-01-13 18:11:46 3152 [Note] InnoDB: Compressed tables use zlib 1.2.3
2019-01-13 18:11:46 3152 [Note] InnoDB: Not using CPU crc32 instructions
2019-01-13 18:11:46 3152 [Note] InnoDB: Initializing buffer pool, size = 128.0M
2019-01-13 18:11:46 3152 [Note] InnoDB: Completed initialization of buffer pool
2019-01-13 18:11:46 3152 [Note] InnoDB: Highest supported file format is Barracuda.
2019-01-13 18:11:46 3152 [Note] InnoDB: The log sequence numbers 1626134 and 1626134 in ibdata files do not match the log sequence number 1663829 in the ib_logfiles!
2019-01-13 18:11:46 3152 [Note] InnoDB: Database was not shutdown normally!
2019-01-13 18:11:46 3152 [Note] InnoDB: Starting crash recovery.
2019-01-13 18:11:46 3152 [Note] InnoDB: Reading tablespace information from the .ibd files...
2019-01-13 18:11:46 3152 [Note] InnoDB: Restoring possible half-written data pages 
2019-01-13 18:11:46 3152 [Note] InnoDB: from the doublewrite buffer...
2019-01-13 18:11:46 3152 [Note] InnoDB: 128 rollback segment(s) are active.
2019-01-13 18:11:46 3152 [Note] InnoDB: Waiting for purge to start
2019-01-13 18:11:47 3152 [Note] InnoDB: 5.6.13 started; log sequence number 1663829
2019-01-13 18:11:47 3152 [Note] Server hostname (bind-address): '*'; port: 3307
2019-01-13 18:11:47 3152 [Note] IPv6 is available.
2019-01-13 18:11:47 3152 [Note]   - '::' resolves to '::';
2019-01-13 18:11:47 3152 [Note] Server socket created on IP: '::'.
2019-01-14 04:33:49 5188 [Note] Plugin 'FEDERATED' is disabled.
2019-01-14 04:33:49 5188 [Note] InnoDB: The InnoDB memory heap is disabled
2019-01-14 04:33:49 5188 [Note] InnoDB: Mutexes and rw_locks use Windows interlocked functions
2019-01-14 04:33:49 5188 [Note] InnoDB: Compressed tables use zlib 1.2.3
2019-01-14 04:33:49 5188 [Note] InnoDB: Not using CPU crc32 instructions
2019-01-14 04:33:49 5188 [Note] InnoDB: Initializing buffer pool, size = 128.0M
2019-01-14 04:33:49 5188 [Note] InnoDB: Completed initialization of buffer pool
2019-01-14 04:33:49 5188 [Note] InnoDB: Highest supported file format is Barracuda.
2019-01-14 04:33:49 5188 [Note] InnoDB: The log sequence numbers 1626134 and 1626134 in ibdata files do not match the log sequence number 1663839 in the ib_logfiles!
2019-01-14 04:33:49 5188 [Note] InnoDB: Database was not shutdown normally!
2019-01-14 04:33:49 5188 [Note] InnoDB: Starting crash recovery.
2019-01-14 04:33:49 5188 [Note] InnoDB: Reading tablespace information from the .ibd files...
2019-01-14 04:33:49 5188 [Note] InnoDB: Restoring possible half-written data pages 
2019-01-14 04:33:49 5188 [Note] InnoDB: from the doublewrite buffer...
2019-01-14 04:33:50 5188 [Note] InnoDB: 128 rollback segment(s) are active.
2019-01-14 04:33:50 5188 [Note] InnoDB: Waiting for purge to start
2019-01-14 04:33:50 5188 [Note] InnoDB: 5.6.13 started; log sequence number 1663839
2019-01-14 04:33:50 5188 [Note] Server hostname (bind-address): '*'; port: 3307
2019-01-14 04:33:50 5188 [Note] IPv6 is available.
2019-01-14 04:33:50 5188 [Note]   - '::' resolves to '::';
2019-01-14 04:33:50 5188 [Note] Server socket created on IP: '::'.
2019-01-14 16:10:50 3844 [Note] Plugin 'FEDERATED' is disabled.
2019-01-14 16:10:50 3844 [Note] InnoDB: The InnoDB memory heap is disabled
2019-01-14 16:10:50 3844 [Note] InnoDB: Mutexes and rw_locks use Windows interlocked functions
2019-01-14 16:10:50 3844 [Note] InnoDB: Compressed tables use zlib 1.2.3
2019-01-14 16:10:50 3844 [Note] InnoDB: Not using CPU crc32 instructions
2019-01-14 16:10:50 3844 [Note] InnoDB: Initializing buffer pool, size = 128.0M
2019-01-14 16:10:50 3844 [Note] InnoDB: Completed initialization of buffer pool
2019-01-14 16:10:50 3844 [Note] InnoDB: Highest supported file format is Barracuda.
2019-01-14 16:10:50 3844 [Note] InnoDB: The log sequence numbers 1626134 and 1626134 in ibdata files do not match the log sequence number 1663849 in the ib_logfiles!
2019-01-14 16:10:50 3844 [Note] InnoDB: Database was not shutdown normally!
2019-01-14 16:10:50 3844 [Note] InnoDB: Starting crash recovery.
2019-01-14 16:10:50 3844 [Note] InnoDB: Reading tablespace information from the .ibd files...
2019-01-14 16:10:50 3844 [Note] InnoDB: Restoring possible half-written data pages 
2019-01-14 16:10:50 3844 [Note] InnoDB: from the doublewrite buffer...
2019-01-14 16:10:50 3844 [Note] InnoDB: 128 rollback segment(s) are active.
2019-01-14 16:10:50 3844 [Note] InnoDB: Waiting for purge to start
2019-01-14 16:10:50 3844 [Note] InnoDB: 5.6.13 started; log sequence number 1663849
2019-01-14 16:10:50 3844 [Note] Server hostname (bind-address): '*'; port: 3307
2019-01-14 16:10:50 3844 [Note] IPv6 is available.
2019-01-14 16:10:50 3844 [Note]   - '::' resolves to '::';
2019-01-14 16:10:50 3844 [Note] Server socket created on IP: '::'.
2019-01-14 20:33:14 6944 [Note] Plugin 'FEDERATED' is disabled.
2019-01-14 20:33:14 6944 [Note] InnoDB: The InnoDB memory heap is disabled
2019-01-14 20:33:14 6944 [Note] InnoDB: Mutexes and rw_locks use Windows interlocked functions
2019-01-14 20:33:14 6944 [Note] InnoDB: Compressed tables use zlib 1.2.3
2019-01-14 20:33:14 6944 [Note] InnoDB: Not using CPU crc32 instructions
2019-01-14 20:33:14 6944 [Note] InnoDB: Initializing buffer pool, size = 128.0M
2019-01-14 20:33:14 6944 [Note] InnoDB: Completed initialization of buffer pool
2019-01-14 20:33:14 6944 [Note] InnoDB: Highest supported file format is Barracuda.
2019-01-14 20:33:14 6944 [Note] InnoDB: The log sequence numbers 1626134 and 1626134 in ibdata files do not match the log sequence number 1663859 in the ib_logfiles!
2019-01-14 20:33:14 6944 [Note] InnoDB: Database was not shutdown normally!
2019-01-14 20:33:14 6944 [Note] InnoDB: Starting crash recovery.
2019-01-14 20:33:14 6944 [Note] InnoDB: Reading tablespace information from the .ibd files...
2019-01-14 20:33:14 6944 [Note] InnoDB: Restoring possible half-written data pages 
2019-01-14 20:33:14 6944 [Note] InnoDB: from the doublewrite buffer...
2019-01-14 20:33:14 6944 [Note] InnoDB: 128 rollback segment(s) are active.
2019-01-14 20:33:14 6944 [Note] InnoDB: Waiting for purge to start
2019-01-14 20:33:14 6944 [Note] InnoDB: 5.6.13 started; log sequence number 1663859
2019-01-14 20:33:14 6944 [Note] Server hostname (bind-address): '*'; port: 3307
2019-01-14 20:33:14 6944 [Note] IPv6 is available.
2019-01-14 20:33:14 6944 [Note]   - '::' resolves to '::';
2019-01-14 20:33:14 6944 [Note] Server socket created on IP: '::'.
2019-01-15 08:02:48 13808 [Note] Plugin 'FEDERATED' is disabled.
2019-01-15 08:02:48 13808 [Note] InnoDB: The InnoDB memory heap is disabled
2019-01-15 08:02:48 13808 [Note] InnoDB: Mutexes and rw_locks use Windows interlocked functions
2019-01-15 08:02:48 13808 [Note] InnoDB: Compressed tables use zlib 1.2.3
2019-01-15 08:02:48 13808 [Note] InnoDB: Not using CPU crc32 instructions
2019-01-15 08:02:48 13808 [Note] InnoDB: Initializing buffer pool, size = 128.0M
2019-01-15 08:02:48 13808 [Note] InnoDB: Completed initialization of buffer pool
2019-01-15 08:02:48 13808 [Note] InnoDB: Highest supported file format is Barracuda.
2019-01-15 08:02:48 13808 [Note] InnoDB: The log sequence numbers 1626134 and 1626134 in ibdata files do not match the log sequence number 1663869 in the ib_logfiles!
2019-01-15 08:02:48 13808 [Note] InnoDB: Database was not shutdown normally!
2019-01-15 08:02:48 13808 [Note] InnoDB: Starting crash recovery.
2019-01-15 08:02:48 13808 [Note] InnoDB: Reading tablespace information from the .ibd files...
2019-01-15 08:02:48 13808 [Note] InnoDB: Restoring possible half-written data pages 
2019-01-15 08:02:48 13808 [Note] InnoDB: from the doublewrite buffer...
2019-01-15 08:02:49 13808 [Note] InnoDB: 128 rollback segment(s) are active.
2019-01-15 08:02:49 13808 [Note] InnoDB: Waiting for purge to start
2019-01-15 08:02:49 13808 [Note] InnoDB: 5.6.13 started; log sequence number 1663869
2019-01-15 08:02:49 13808 [Note] Server hostname (bind-address): '*'; port: 3307
2019-01-15 08:02:49 13808 [Note] IPv6 is available.
2019-01-15 08:02:49 13808 [Note]   - '::' resolves to '::';
2019-01-15 08:02:49 13808 [Note] Server socket created on IP: '::'.
2019-01-15 14:54:21 16920 [Note] Plugin 'FEDERATED' is disabled.
2019-01-15 14:54:21 16920 [Note] InnoDB: The InnoDB memory heap is disabled
2019-01-15 14:54:21 16920 [Note] InnoDB: Mutexes and rw_locks use Windows interlocked functions
2019-01-15 14:54:21 16920 [Note] InnoDB: Compressed tables use zlib 1.2.3
2019-01-15 14:54:21 16920 [Note] InnoDB: Not using CPU crc32 instructions
2019-01-15 14:54:21 16920 [Note] InnoDB: Initializing buffer pool, size = 128.0M
2019-01-15 14:54:21 16920 [Note] InnoDB: Completed initialization of buffer pool
2019-01-15 14:54:21 16920 [Note] InnoDB: Highest supported file format is Barracuda.
2019-01-15 14:54:21 16920 [Note] InnoDB: The log sequence numbers 1626134 and 1626134 in ibdata files do not match the log sequence number 1792774 in the ib_logfiles!
2019-01-15 14:54:21 16920 [Note] InnoDB: Database was not shutdown normally!
2019-01-15 14:54:21 16920 [Note] InnoDB: Starting crash recovery.
2019-01-15 14:54:21 16920 [Note] InnoDB: Reading tablespace information from the .ibd files...
2019-01-15 14:54:21 16920 [Note] InnoDB: Restoring possible half-written data pages 
2019-01-15 14:54:21 16920 [Note] InnoDB: from the doublewrite buffer...
2019-01-15 14:54:21 16920 [Note] InnoDB: 128 rollback segment(s) are active.
2019-01-15 14:54:21 16920 [Note] InnoDB: Waiting for purge to start
2019-01-15 14:54:21 16920 [Note] InnoDB: 5.6.13 started; log sequence number 1792774
2019-01-15 14:54:21 16920 [Note] Server hostname (bind-address): '*'; port: 3307
2019-01-15 14:54:21 16920 [Note] IPv6 is available.
2019-01-15 14:54:21 16920 [Note]   - '::' resolves to '::';
2019-01-15 14:54:21 16920 [Note] Server socket created on IP: '::'.
2019-01-15 14:55:15 14620 [Note] Plugin 'FEDERATED' is disabled.
2019-01-15 14:55:15 14620 [Note] InnoDB: The InnoDB memory heap is disabled
2019-01-15 14:55:15 14620 [Note] InnoDB: Mutexes and rw_locks use Windows interlocked functions
2019-01-15 14:55:15 14620 [Note] InnoDB: Compressed tables use zlib 1.2.3
2019-01-15 14:55:15 14620 [Note] InnoDB: Not using CPU crc32 instructions
2019-01-15 14:55:15 14620 [Note] InnoDB: Initializing buffer pool, size = 128.0M
2019-01-15 14:55:15 14620 [Note] InnoDB: Completed initialization of buffer pool
2019-01-15 14:55:15 14620 [Note] InnoDB: Highest supported file format is Barracuda.
2019-01-15 14:55:15 14620 [Note] InnoDB: The log sequence numbers 1626134 and 1626134 in ibdata files do not match the log sequence number 1792774 in the ib_logfiles!
2019-01-15 14:55:15 14620 [Note] InnoDB: Database was not shutdown normally!
2019-01-15 14:55:15 14620 [Note] InnoDB: Starting crash recovery.
2019-01-15 14:55:15 14620 [Note] InnoDB: Reading tablespace information from the .ibd files...
2019-01-15 14:55:15 14620 [Note] InnoDB: Restoring possible half-written data pages 
2019-01-15 14:55:15 14620 [Note] InnoDB: from the doublewrite buffer...
2019-01-15 14:55:15 14620 [Note] InnoDB: 128 rollback segment(s) are active.
2019-01-15 14:55:15 14620 [Note] InnoDB: Waiting for purge to start
2019-01-15 14:55:16 14620 [Note] InnoDB: 5.6.13 started; log sequence number 1792774
2019-01-15 14:55:16 14620 [Note] Server hostname (bind-address): '*'; port: 3307
2019-01-15 14:55:16 14620 [Note] IPv6 is available.
2019-01-15 14:55:16 14620 [Note]   - '::' resolves to '::';
2019-01-15 14:55:16 14620 [Note] Server socket created on IP: '::'.
2019-01-16 00:28:20 10536 [Note] Plugin 'FEDERATED' is disabled.
2019-01-16 00:28:20 10536 [Note] InnoDB: The InnoDB memory heap is disabled
2019-01-16 00:28:20 10536 [Note] InnoDB: Mutexes and rw_locks use Windows interlocked functions
2019-01-16 00:28:20 10536 [Note] InnoDB: Compressed tables use zlib 1.2.3
2019-01-16 00:28:20 10536 [Note] InnoDB: Not using CPU crc32 instructions
2019-01-16 00:28:20 10536 [Note] InnoDB: Initializing buffer pool, size = 128.0M
2019-01-16 00:28:20 10536 [Note] InnoDB: Completed initialization of buffer pool
2019-01-16 00:28:20 10536 [Note] InnoDB: Highest supported file format is Barracuda.
2019-01-16 00:28:20 10536 [Note] InnoDB: The log sequence numbers 1626134 and 1626134 in ibdata files do not match the log sequence number 1796183 in the ib_logfiles!
2019-01-16 00:28:20 10536 [Note] InnoDB: Database was not shutdown normally!
2019-01-16 00:28:20 10536 [Note] InnoDB: Starting crash recovery.
2019-01-16 00:28:20 10536 [Note] InnoDB: Reading tablespace information from the .ibd files...
2019-01-16 00:28:20 10536 [Note] InnoDB: Restoring possible half-written data pages 
2019-01-16 00:28:20 10536 [Note] InnoDB: from the doublewrite buffer...
2019-01-16 00:28:20 10536 [Note] InnoDB: 128 rollback segment(s) are active.
2019-01-16 00:28:20 10536 [Note] InnoDB: Waiting for purge to start
2019-01-16 00:28:20 10536 [Note] InnoDB: 5.6.13 started; log sequence number 1796183
2019-01-16 00:28:20 10536 [Note] Server hostname (bind-address): '*'; port: 3307
2019-01-16 00:28:20 10536 [Note] IPv6 is available.
2019-01-16 00:28:20 10536 [Note]   - '::' resolves to '::';
2019-01-16 00:28:20 10536 [Note] Server socket created on IP: '::'.
2019-01-16 06:08:11 6236 [Note] Plugin 'FEDERATED' is disabled.
2019-01-16 06:08:11 6236 [Note] InnoDB: The InnoDB memory heap is disabled
2019-01-16 06:08:11 6236 [Note] InnoDB: Mutexes and rw_locks use Windows interlocked functions
2019-01-16 06:08:11 6236 [Note] InnoDB: Compressed tables use zlib 1.2.3
2019-01-16 06:08:11 6236 [Note] InnoDB: Not using CPU crc32 instructions
2019-01-16 06:08:11 6236 [Note] InnoDB: Initializing buffer pool, size = 128.0M
2019-01-16 06:08:11 6236 [Note] InnoDB: Completed initialization of buffer pool
2019-01-16 06:08:11 6236 [Note] InnoDB: Highest supported file format is Barracuda.
2019-01-16 06:08:11 6236 [Note] InnoDB: The log sequence numbers 1626134 and 1626134 in ibdata files do not match the log sequence number 1826673 in the ib_logfiles!
2019-01-16 06:08:11 6236 [Note] InnoDB: Database was not shutdown normally!
2019-01-16 06:08:11 6236 [Note] InnoDB: Starting crash recovery.
2019-01-16 06:08:11 6236 [Note] InnoDB: Reading tablespace information from the .ibd files...
2019-01-16 06:08:12 6236 [Note] InnoDB: Restoring possible half-written data pages 
2019-01-16 06:08:12 6236 [Note] InnoDB: from the doublewrite buffer...
2019-01-16 06:08:12 6236 [Note] InnoDB: 128 rollback segment(s) are active.
2019-01-16 06:08:12 6236 [Note] InnoDB: Waiting for purge to start
2019-01-16 06:08:12 6236 [Note] InnoDB: 5.6.13 started; log sequence number 1826673
2019-01-16 06:08:12 6236 [Note] Server hostname (bind-address): '*'; port: 3307
2019-01-16 06:08:12 6236 [Note] IPv6 is available.
2019-01-16 06:08:12 6236 [Note]   - '::' resolves to '::';
2019-01-16 06:08:12 6236 [Note] Server socket created on IP: '::'.
2019-01-16 11:20:17 14492 [Note] Plugin 'FEDERATED' is disabled.
2019-01-16 11:20:17 14492 [Note] InnoDB: The InnoDB memory heap is disabled
2019-01-16 11:20:17 14492 [Note] InnoDB: Mutexes and rw_locks use Windows interlocked functions
2019-01-16 11:20:17 14492 [Note] InnoDB: Compressed tables use zlib 1.2.3
2019-01-16 11:20:17 14492 [Note] InnoDB: Not using CPU crc32 instructions
2019-01-16 11:20:17 14492 [Note] InnoDB: Initializing buffer pool, size = 128.0M
2019-01-16 11:20:17 14492 [Note] InnoDB: Completed initialization of buffer pool
2019-01-16 11:20:17 14492 [Note] InnoDB: Highest supported file format is Barracuda.
2019-01-16 11:20:17 14492 [Note] InnoDB: The log sequence numbers 1626134 and 1626134 in ibdata files do not match the log sequence number 1828652 in the ib_logfiles!
2019-01-16 11:20:17 14492 [Note] InnoDB: Database was not shutdown normally!
2019-01-16 11:20:17 14492 [Note] InnoDB: Starting crash recovery.
2019-01-16 11:20:17 14492 [Note] InnoDB: Reading tablespace information from the .ibd files...
2019-01-16 11:20:18 14492 [Note] InnoDB: Restoring possible half-written data pages 
2019-01-16 11:20:18 14492 [Note] InnoDB: from the doublewrite buffer...
2019-01-16 11:20:18 14492 [Note] InnoDB: 128 rollback segment(s) are active.
2019-01-16 11:20:18 14492 [Note] InnoDB: Waiting for purge to start
2019-01-16 11:20:18 14492 [Note] InnoDB: 5.6.13 started; log sequence number 1828652
2019-01-16 11:20:18 14492 [Note] Server hostname (bind-address): '*'; port: 3307
2019-01-16 11:20:18 14492 [Note] IPv6 is available.
2019-01-16 11:20:18 14492 [Note]   - '::' resolves to '::';
2019-01-16 11:20:18 14492 [Note] Server socket created on IP: '::'.
2019-01-16 11:20:18 14492 [ERROR] Can't start server: Bind on TCP/IP port: No such file or directory
2019-01-16 11:20:18 14492 [ERROR] Do you already have another mysqld server running on port: 3307 ?
2019-01-16 11:20:18 14492 [ERROR] Aborting

2019-01-16 11:20:18 14492 [Note] Binlog end
2019-01-16 11:20:18 14492 [Note] Shutting down plugin 'partition'
2019-01-16 11:20:18 14492 [Note] Shutting down plugin 'PERFORMANCE_SCHEMA'
2019-01-16 11:20:18 14492 [Note] Shutting down plugin 'INNODB_SYS_DATAFILES'
2019-01-16 11:20:18 14492 [Note] Shutting down plugin 'INNODB_SYS_TABLESPACES'
2019-01-16 11:20:18 14492 [Note] Shutting down plugin 'INNODB_SYS_FOREIGN_COLS'
2019-01-16 11:20:18 14492 [Note] Shutting down plugin 'INNODB_SYS_FOREIGN'
2019-01-16 11:20:18 14492 [Note] Shutting down plugin 'INNODB_SYS_FIELDS'
2019-01-16 11:20:18 14492 [Note] Shutting down plugin 'INNODB_SYS_COLUMNS'
2019-01-16 11:20:18 14492 [Note] Shutting down plugin 'INNODB_SYS_INDEXES'
2019-01-16 11:20:18 14492 [Note] Shutting down plugin 'INNODB_SYS_TABLESTATS'
2019-01-16 11:20:18 14492 [Note] Shutting down plugin 'INNODB_SYS_TABLES'
2019-01-16 11:20:18 14492 [Note] Shutting down plugin 'INNODB_FT_INDEX_TABLE'
2019-01-16 11:20:18 14492 [Note] Shutting down plugin 'INNODB_FT_INDEX_CACHE'
2019-01-16 11:20:18 14492 [Note] Shutting down plugin 'INNODB_FT_CONFIG'
2019-01-16 11:20:18 14492 [Note] Shutting down plugin 'INNODB_FT_BEING_DELETED'
2019-01-16 11:20:18 14492 [Note] Shutting down plugin 'INNODB_FT_DELETED'
2019-01-16 11:20:18 14492 [Note] Shutting down plugin 'INNODB_FT_DEFAULT_STOPWORD'
2019-01-16 11:20:18 14492 [Note] Shutting down plugin 'INNODB_METRICS'
2019-01-16 11:20:18 14492 [Note] Shutting down plugin 'INNODB_BUFFER_POOL_STATS'
2019-01-16 11:20:18 14492 [Note] Shutting down plugin 'INNODB_BUFFER_PAGE_LRU'
2019-01-16 11:20:18 14492 [Note] Shutting down plugin 'INNODB_BUFFER_PAGE'
2019-01-16 11:20:18 14492 [Note] Shutting down plugin 'INNODB_CMP_PER_INDEX_RESET'
2019-01-16 11:20:18 14492 [Note] Shutting down plugin 'INNODB_CMP_PER_INDEX'
2019-01-16 11:20:18 14492 [Note] Shutting down plugin 'INNODB_CMPMEM_RESET'
2019-01-16 11:20:18 14492 [Note] Shutting down plugin 'INNODB_CMPMEM'
2019-01-16 11:20:18 14492 [Note] Shutting down plugin 'INNODB_CMP_RESET'
2019-01-16 11:20:18 14492 [Note] Shutting down plugin 'INNODB_CMP'
2019-01-16 11:20:18 14492 [Note] Shutting down plugin 'INNODB_LOCK_WAITS'
2019-01-16 11:20:18 14492 [Note] Shutting down plugin 'INNODB_LOCKS'
2019-01-16 11:20:18 14492 [Note] Shutting down plugin 'INNODB_TRX'
2019-01-16 11:20:18 14492 [Note] Shutting down plugin 'InnoDB'
2019-01-16 11:20:18 14492 [Note] InnoDB: FTS optimize thread exiting.
2019-01-16 11:20:18 14492 [Note] InnoDB: Starting shutdown...
2019-01-16 11:20:20 14492 [Note] InnoDB: Shutdown completed; log sequence number 1828662
2019-01-16 11:20:20 14492 [Note] Shutting down plugin 'BLACKHOLE'
2019-01-16 11:20:20 14492 [Note] Shutting down plugin 'ARCHIVE'
2019-01-16 11:20:20 14492 [Note] Shutting down plugin 'MRG_MYISAM'
2019-01-16 11:20:20 14492 [Note] Shutting down plugin 'MyISAM'
2019-01-16 11:20:20 14492 [Note] Shutting down plugin 'MEMORY'
2019-01-16 11:20:20 14492 [Note] Shutting down plugin 'CSV'
2019-01-16 11:20:20 14492 [Note] Shutting down plugin 'sha256_password'
2019-01-16 11:20:20 14492 [Note] Shutting down plugin 'mysql_old_password'
2019-01-16 11:20:20 14492 [Note] Shutting down plugin 'mysql_native_password'
2019-01-16 11:20:20 14492 [Note] Shutting down plugin 'binlog'
2019-01-16 11:20:20 14492 [Note] D:\Education\University of Peradeniya\Computer Engineering\Semester 04\CO226 Database Systems\Project\USBWebserver v8.6(1)/mysql/bin/mysqld_usbwv8.exe: Shutdown complete

2019-01-16 11:21:59 12488 [Note] Plugin 'FEDERATED' is disabled.
2019-01-16 11:21:59 12488 [Note] InnoDB: The InnoDB memory heap is disabled
2019-01-16 11:21:59 12488 [Note] InnoDB: Mutexes and rw_locks use Windows interlocked functions
2019-01-16 11:21:59 12488 [Note] InnoDB: Compressed tables use zlib 1.2.3
2019-01-16 11:21:59 12488 [Note] InnoDB: Not using CPU crc32 instructions
2019-01-16 11:21:59 12488 [Note] InnoDB: Initializing buffer pool, size = 128.0M
2019-01-16 11:21:59 12488 [Note] InnoDB: Completed initialization of buffer pool
2019-01-16 11:21:59 12488 [Note] InnoDB: Highest supported file format is Barracuda.
2019-01-16 11:22:00 12488 [Note] InnoDB: 128 rollback segment(s) are active.
2019-01-16 11:22:00 12488 [Note] InnoDB: Waiting for purge to start
2019-01-16 11:22:00 12488 [Note] InnoDB: 5.6.13 started; log sequence number 1828662
2019-01-16 11:22:00 12488 [Note] Server hostname (bind-address): '*'; port: 3307
2019-01-16 11:22:00 12488 [Note] IPv6 is available.
2019-01-16 11:22:00 12488 [Note]   - '::' resolves to '::';
2019-01-16 11:22:00 12488 [Note] Server socket created on IP: '::'.
2019-01-16 11:22:00 12488 [ERROR] Can't start server: Bind on TCP/IP port: No such file or directory
2019-01-16 11:22:00 12488 [ERROR] Do you already have another mysqld server running on port: 3307 ?
2019-01-16 11:22:00 12488 [ERROR] Aborting

2019-01-16 11:22:00 12488 [Note] Binlog end
2019-01-16 11:22:00 12488 [Note] Shutting down plugin 'partition'
2019-01-16 11:22:00 12488 [Note] Shutting down plugin 'PERFORMANCE_SCHEMA'
2019-01-16 11:22:00 12488 [Note] Shutting down plugin 'INNODB_SYS_DATAFILES'
2019-01-16 11:22:00 12488 [Note] Shutting down plugin 'INNODB_SYS_TABLESPACES'
2019-01-16 11:22:00 12488 [Note] Shutting down plugin 'INNODB_SYS_FOREIGN_COLS'
2019-01-16 11:22:00 12488 [Note] Shutting down plugin 'INNODB_SYS_FOREIGN'
2019-01-16 11:22:00 12488 [Note] Shutting down plugin 'INNODB_SYS_FIELDS'
2019-01-16 11:22:00 12488 [Note] Shutting down plugin 'INNODB_SYS_COLUMNS'
2019-01-16 11:22:00 12488 [Note] Shutting down plugin 'INNODB_SYS_INDEXES'
2019-01-16 11:22:00 12488 [Note] Shutting down plugin 'INNODB_SYS_TABLESTATS'
2019-01-16 11:22:00 12488 [Note] Shutting down plugin 'INNODB_SYS_TABLES'
2019-01-16 11:22:00 12488 [Note] Shutting down plugin 'INNODB_FT_INDEX_TABLE'
2019-01-16 11:22:00 12488 [Note] Shutting down plugin 'INNODB_FT_INDEX_CACHE'
2019-01-16 11:22:00 12488 [Note] Shutting down plugin 'INNODB_FT_CONFIG'
2019-01-16 11:22:00 12488 [Note] Shutting down plugin 'INNODB_FT_BEING_DELETED'
2019-01-16 11:22:00 12488 [Note] Shutting down plugin 'INNODB_FT_DELETED'
2019-01-16 11:22:00 12488 [Note] Shutting down plugin 'INNODB_FT_DEFAULT_STOPWORD'
2019-01-16 11:22:00 12488 [Note] Shutting down plugin 'INNODB_METRICS'
2019-01-16 11:22:00 12488 [Note] Shutting down plugin 'INNODB_BUFFER_POOL_STATS'
2019-01-16 11:22:00 12488 [Note] Shutting down plugin 'INNODB_BUFFER_PAGE_LRU'
2019-01-16 11:22:00 12488 [Note] Shutting down plugin 'INNODB_BUFFER_PAGE'
2019-01-16 11:22:00 12488 [Note] Shutting down plugin 'INNODB_CMP_PER_INDEX_RESET'
2019-01-16 11:22:00 12488 [Note] Shutting down plugin 'INNODB_CMP_PER_INDEX'
2019-01-16 11:22:00 12488 [Note] Shutting down plugin 'INNODB_CMPMEM_RESET'
2019-01-16 11:22:00 12488 [Note] Shutting down plugin 'INNODB_CMPMEM'
2019-01-16 11:22:00 12488 [Note] Shutting down plugin 'INNODB_CMP_RESET'
2019-01-16 11:22:00 12488 [Note] Shutting down plugin 'INNODB_CMP'
2019-01-16 11:22:00 12488 [Note] Shutting down plugin 'INNODB_LOCK_WAITS'
2019-01-16 11:22:00 12488 [Note] Shutting down plugin 'INNODB_LOCKS'
2019-01-16 11:22:00 12488 [Note] Shutting down plugin 'INNODB_TRX'
2019-01-16 11:22:00 12488 [Note] Shutting down plugin 'InnoDB'
2019-01-16 11:22:00 12488 [Note] InnoDB: FTS optimize thread exiting.
2019-01-16 11:22:00 12488 [Note] InnoDB: Starting shutdown...
2019-01-16 11:22:01 12488 [Note] InnoDB: Shutdown completed; log sequence number 1828672
2019-01-16 11:22:01 12488 [Note] Shutting down plugin 'BLACKHOLE'
2019-01-16 11:22:01 12488 [Note] Shutting down plugin 'ARCHIVE'
2019-01-16 11:22:01 12488 [Note] Shutting down plugin 'MRG_MYISAM'
2019-01-16 11:22:01 12488 [Note] Shutting down plugin 'MyISAM'
2019-01-16 11:22:01 12488 [Note] Shutting down plugin 'MEMORY'
2019-01-16 11:22:01 12488 [Note] Shutting down plugin 'CSV'
2019-01-16 11:22:01 12488 [Note] Shutting down plugin 'sha256_password'
2019-01-16 11:22:01 12488 [Note] Shutting down plugin 'mysql_old_password'
2019-01-16 11:22:01 12488 [Note] Shutting down plugin 'mysql_native_password'
2019-01-16 11:22:01 12488 [Note] Shutting down plugin 'binlog'
2019-01-16 11:22:01 12488 [Note] D:\Education\University of Peradeniya\Computer Engineering\Semester 04\CO226 Database Systems\Project\USBWebserver v8.6(1)/mysql/bin/mysqld_usbwv8.exe: Shutdown complete

2019-01-16 11:28:02 5732 [Note] Plugin 'FEDERATED' is disabled.
2019-01-16 11:28:02 5732 [Note] InnoDB: The InnoDB memory heap is disabled
2019-01-16 11:28:02 5732 [Note] InnoDB: Mutexes and rw_locks use Windows interlocked functions
2019-01-16 11:28:02 5732 [Note] InnoDB: Compressed tables use zlib 1.2.3
2019-01-16 11:28:02 5732 [Note] InnoDB: Not using CPU crc32 instructions
2019-01-16 11:28:02 5732 [Note] InnoDB: Initializing buffer pool, size = 128.0M
2019-01-16 11:28:02 5732 [Note] InnoDB: Completed initialization of buffer pool
2019-01-16 11:28:02 5732 [Note] InnoDB: Highest supported file format is Barracuda.
2019-01-16 11:28:02 5732 [Note] InnoDB: 128 rollback segment(s) are active.
2019-01-16 11:28:02 5732 [Note] InnoDB: Waiting for purge to start
2019-01-16 11:28:02 5732 [Note] InnoDB: 5.6.13 started; log sequence number 1828672
2019-01-16 11:28:02 5732 [Note] Server hostname (bind-address): '*'; port: 3307
2019-01-16 11:28:02 5732 [Note] IPv6 is available.
2019-01-16 11:28:02 5732 [Note]   - '::' resolves to '::';
2019-01-16 11:28:02 5732 [Note] Server socket created on IP: '::'.
2019-01-16 11:28:02 5732 [ERROR] Can't start server: Bind on TCP/IP port: No such file or directory
2019-01-16 11:28:02 5732 [ERROR] Do you already have another mysqld server running on port: 3307 ?
2019-01-16 11:28:02 5732 [ERROR] Aborting

2019-01-16 11:28:02 5732 [Note] Binlog end
2019-01-16 11:28:02 5732 [Note] Shutting down plugin 'partition'
2019-01-16 11:28:02 5732 [Note] Shutting down plugin 'PERFORMANCE_SCHEMA'
2019-01-16 11:28:02 5732 [Note] Shutting down plugin 'INNODB_SYS_DATAFILES'
2019-01-16 11:28:02 5732 [Note] Shutting down plugin 'INNODB_SYS_TABLESPACES'
2019-01-16 11:28:02 5732 [Note] Shutting down plugin 'INNODB_SYS_FOREIGN_COLS'
2019-01-16 11:28:02 5732 [Note] Shutting down plugin 'INNODB_SYS_FOREIGN'
2019-01-16 11:28:02 5732 [Note] Shutting down plugin 'INNODB_SYS_FIELDS'
2019-01-16 11:28:02 5732 [Note] Shutting down plugin 'INNODB_SYS_COLUMNS'
2019-01-16 11:28:02 5732 [Note] Shutting down plugin 'INNODB_SYS_INDEXES'
2019-01-16 11:28:02 5732 [Note] Shutting down plugin 'INNODB_SYS_TABLESTATS'
2019-01-16 11:28:02 5732 [Note] Shutting down plugin 'INNODB_SYS_TABLES'
2019-01-16 11:28:02 5732 [Note] Shutting down plugin 'INNODB_FT_INDEX_TABLE'
2019-01-16 11:28:02 5732 [Note] Shutting down plugin 'INNODB_FT_INDEX_CACHE'
2019-01-16 11:28:02 5732 [Note] Shutting down plugin 'INNODB_FT_CONFIG'
2019-01-16 11:28:02 5732 [Note] Shutting down plugin 'INNODB_FT_BEING_DELETED'
2019-01-16 11:28:02 5732 [Note] Shutting down plugin 'INNODB_FT_DELETED'
2019-01-16 11:28:02 5732 [Note] Shutting down plugin 'INNODB_FT_DEFAULT_STOPWORD'
2019-01-16 11:28:02 5732 [Note] Shutting down plugin 'INNODB_METRICS'
2019-01-16 11:28:02 5732 [Note] Shutting down plugin 'INNODB_BUFFER_POOL_STATS'
2019-01-16 11:28:02 5732 [Note] Shutting down plugin 'INNODB_BUFFER_PAGE_LRU'
2019-01-16 11:28:02 5732 [Note] Shutting down plugin 'INNODB_BUFFER_PAGE'
2019-01-16 11:28:02 5732 [Note] Shutting down plugin 'INNODB_CMP_PER_INDEX_RESET'
2019-01-16 11:28:02 5732 [Note] Shutting down plugin 'INNODB_CMP_PER_INDEX'
2019-01-16 11:28:02 5732 [Note] Shutting down plugin 'INNODB_CMPMEM_RESET'
2019-01-16 11:28:02 5732 [Note] Shutting down plugin 'INNODB_CMPMEM'
2019-01-16 11:28:02 5732 [Note] Shutting down plugin 'INNODB_CMP_RESET'
2019-01-16 11:28:02 5732 [Note] Shutting down plugin 'INNODB_CMP'
2019-01-16 11:28:02 5732 [Note] Shutting down plugin 'INNODB_LOCK_WAITS'
2019-01-16 11:28:02 5732 [Note] Shutting down plugin 'INNODB_LOCKS'
2019-01-16 11:28:02 5732 [Note] Shutting down plugin 'INNODB_TRX'
2019-01-16 11:28:02 5732 [Note] Shutting down plugin 'InnoDB'
2019-01-16 11:28:02 5732 [Note] InnoDB: FTS optimize thread exiting.
2019-01-16 11:28:02 5732 [Note] InnoDB: Starting shutdown...
2019-01-16 11:28:04 5732 [Note] InnoDB: Shutdown completed; log sequence number 1828682
2019-01-16 11:28:04 5732 [Note] Shutting down plugin 'BLACKHOLE'
2019-01-16 11:28:04 5732 [Note] Shutting down plugin 'ARCHIVE'
2019-01-16 11:28:04 5732 [Note] Shutting down plugin 'MRG_MYISAM'
2019-01-16 11:28:04 5732 [Note] Shutting down plugin 'MyISAM'
2019-01-16 11:28:04 5732 [Note] Shutting down plugin 'MEMORY'
2019-01-16 11:28:04 5732 [Note] Shutting down plugin 'CSV'
2019-01-16 11:28:04 5732 [Note] Shutting down plugin 'sha256_password'
2019-01-16 11:28:04 5732 [Note] Shutting down plugin 'mysql_old_password'
2019-01-16 11:28:04 5732 [Note] Shutting down plugin 'mysql_native_password'
2019-01-16 11:28:04 5732 [Note] Shutting down plugin 'binlog'
2019-01-16 11:28:04 5732 [Note] D:\Education\University of Peradeniya\Computer Engineering\Semester 04\CO226 Database Systems\Project\USBWebserver v8.6(1)/mysql/bin/mysqld_usbwv8.exe: Shutdown complete

2019-01-16 11:35:16 15716 [Note] Plugin 'FEDERATED' is disabled.
2019-01-16 11:35:16 15716 [Note] InnoDB: The InnoDB memory heap is disabled
2019-01-16 11:35:16 15716 [Note] InnoDB: Mutexes and rw_locks use Windows interlocked functions
2019-01-16 11:35:16 15716 [Note] InnoDB: Compressed tables use zlib 1.2.3
2019-01-16 11:35:16 15716 [Note] InnoDB: Not using CPU crc32 instructions
2019-01-16 11:35:16 15716 [Note] InnoDB: Initializing buffer pool, size = 128.0M
2019-01-16 11:35:16 15716 [Note] InnoDB: Completed initialization of buffer pool
2019-01-16 11:35:16 15716 [Note] InnoDB: Highest supported file format is Barracuda.
2019-01-16 11:35:17 15716 [Note] InnoDB: 128 rollback segment(s) are active.
2019-01-16 11:35:17 15716 [Note] InnoDB: Waiting for purge to start
2019-01-16 11:35:17 15716 [Note] InnoDB: 5.6.13 started; log sequence number 1828682
2019-01-16 11:35:17 15716 [Note] Server hostname (bind-address): '*'; port: 3307
2019-01-16 11:35:17 15716 [Note] IPv6 is available.
2019-01-16 11:35:17 15716 [Note]   - '::' resolves to '::';
2019-01-16 11:35:17 15716 [Note] Server socket created on IP: '::'.
2019-03-14 12:49:58 4884 [Note] Plugin 'FEDERATED' is disabled.
2019-03-14 12:49:58 4884 [Note] InnoDB: The InnoDB memory heap is disabled
2019-03-14 12:49:58 4884 [Note] InnoDB: Mutexes and rw_locks use Windows interlocked functions
2019-03-14 12:49:58 4884 [Note] InnoDB: Compressed tables use zlib 1.2.3
2019-03-14 12:49:58 4884 [Note] InnoDB: Not using CPU crc32 instructions
2019-03-14 12:49:58 4884 [Note] InnoDB: Initializing buffer pool, size = 128.0M
2019-03-14 12:49:58 4884 [Note] InnoDB: Completed initialization of buffer pool
2019-03-14 12:49:58 4884 [Note] InnoDB: Highest supported file format is Barracuda.
2019-03-14 12:49:58 4884 [Note] InnoDB: The log sequence numbers 1828682 and 1828682 in ibdata files do not match the log sequence number 1830569 in the ib_logfiles!
2019-03-14 12:49:58 4884 [Note] InnoDB: Database was not shutdown normally!
2019-03-14 12:49:58 4884 [Note] InnoDB: Starting crash recovery.
2019-03-14 12:49:58 4884 [Note] InnoDB: Reading tablespace information from the .ibd files...
2019-03-14 12:49:59 4884 [Note] InnoDB: Restoring possible half-written data pages 
2019-03-14 12:49:59 4884 [Note] InnoDB: from the doublewrite buffer...
2019-03-14 12:50:27 11256 [Note] Plugin 'FEDERATED' is disabled.
2019-03-14 12:50:27 11256 [Note] InnoDB: The InnoDB memory heap is disabled
2019-03-14 12:50:27 11256 [Note] InnoDB: Mutexes and rw_locks use Windows interlocked functions
2019-03-14 12:50:27 11256 [Note] InnoDB: Compressed tables use zlib 1.2.3
2019-03-14 12:50:27 11256 [Note] InnoDB: Not using CPU crc32 instructions
2019-03-14 12:50:27 11256 [Note] InnoDB: Initializing buffer pool, size = 128.0M
2019-03-14 12:50:27 11256 [Note] InnoDB: Completed initialization of buffer pool
2019-03-14 12:50:27 11256 [Note] InnoDB: Highest supported file format is Barracuda.
2019-03-14 12:50:27 11256 [Note] InnoDB: The log sequence numbers 1828682 and 1828682 in ibdata files do not match the log sequence number 1830569 in the ib_logfiles!
2019-03-14 12:50:27 11256 [Note] InnoDB: Database was not shutdown normally!
2019-03-14 12:50:27 11256 [Note] InnoDB: Starting crash recovery.
2019-03-14 12:50:27 11256 [Note] InnoDB: Reading tablespace information from the .ibd files...
2019-03-14 12:50:27 11256 [Note] InnoDB: Restoring possible half-written data pages 
2019-03-14 12:50:27 11256 [Note] InnoDB: from the doublewrite buffer...
2019-03-14 12:50:27 11256 [Note] InnoDB: 128 rollback segment(s) are active.
2019-03-14 12:50:27 11256 [Note] InnoDB: Waiting for purge to start
2019-03-14 12:50:27 11256 [Note] InnoDB: 5.6.13 started; log sequence number 1830569
2019-03-14 12:50:27 11256 [Note] Server hostname (bind-address): '*'; port: 3307
2019-03-14 12:50:27 11256 [Note] IPv6 is available.
2019-03-14 12:50:27 11256 [Note]   - '::' resolves to '::';
2019-03-14 12:50:27 11256 [Note] Server socket created on IP: '::'.
