2019-01-04 13:07:51 6328 [Note] Plugin 'FEDERATED' is disabled.
2019-01-04 13:07:51 6328 [Note] InnoDB: The InnoDB memory heap is disabled
2019-01-04 13:07:51 6328 [Note] InnoDB: Mutexes and rw_locks use Windows interlocked functions
2019-01-04 13:07:51 6328 [Note] InnoDB: Compressed tables use zlib 1.2.3
2019-01-04 13:07:51 6328 [Note] InnoDB: Not using CPU crc32 instructions
2019-01-04 13:07:51 6328 [Note] InnoDB: Initializing buffer pool, size = 128.0M
2019-01-04 13:07:51 6328 [Note] InnoDB: Completed initialization of buffer pool
2019-01-04 13:07:52 6328 [Note] InnoDB: Setting log file E:\CO 226 Project\USBWebserver v8.6(1)\mysql\data\ib_logfile101 size to 5 MB
2019-01-04 13:07:52 6328 [Note] InnoDB: Setting log file E:\CO 226 Project\USBWebserver v8.6(1)\mysql\data\ib_logfile1 size to 5 MB
2019-01-04 13:07:52 6328 [Note] InnoDB: Renaming log file E:\CO 226 Project\USBWebserver v8.6(1)\mysql\data\ib_logfile101 to E:\CO 226 Project\USBWebserver v8.6(1)\mysql\data\ib_logfile0
2019-01-04 13:07:52 6328 [Warning] InnoDB: New log files created, LSN=1626134
2019-01-04 13:07:52 6328 [Note] InnoDB: Highest supported file format is Barracuda.
2019-01-04 13:07:52 6328 [Note] InnoDB: 128 rollback segment(s) are active.
2019-01-04 13:07:52 6328 [Note] InnoDB: Waiting for purge to start
2019-01-04 13:07:52 6328 [Note] InnoDB: 5.6.13 started; log sequence number 1626636
2019-01-04 13:07:52 6328 [Warning] No existing UUID has been found, so we assume that this is the first time that this server has been started. Generating a new UUID: a4bf1680-0ff3-11e9-8ae0-fc4dd4f93952.
2019-01-04 13:07:52 6328 [Note] Server hostname (bind-address): '*'; port: 3307
2019-01-04 13:07:52 6328 [Note] IPv6 is available.
2019-01-04 13:07:52 6328 [Note]   - '::' resolves to '::';
2019-01-04 13:07:52 6328 [Note] Server socket created on IP: '::'.
2019-01-04 13:07:58 6328 [Note] Event Scheduler: Loaded 0 events
2019-01-04 13:07:58 6328 [Note] E:\CO 226 Project\USBWebserver v8.6(1)/mysql/bin/mysqld_usbwv8.exe: ready for connections.
Version: '5.6.13'  socket: ''  port: 3307  MySQL Community Server (GPL)
2019-01-04 13:25:53 7416 [Note] Plugin 'FEDERATED' is disabled.
2019-01-04 13:25:54 7416 [Note] InnoDB: The InnoDB memory heap is disabled
2019-01-04 13:25:54 7416 [Note] InnoDB: Mutexes and rw_locks use Windows interlocked functions
2019-01-04 13:25:54 7416 [Note] InnoDB: Compressed tables use zlib 1.2.3
2019-01-04 13:25:54 7416 [Note] InnoDB: Not using CPU crc32 instructions
2019-01-04 13:25:54 7416 [Note] InnoDB: Initializing buffer pool, size = 128.0M
2019-01-04 13:25:54 7416 [Note] InnoDB: Completed initialization of buffer pool
2019-01-04 13:25:54 7416 [Note] InnoDB: Highest supported file format is Barracuda.
2019-01-04 13:25:54 7416 [Note] InnoDB: The log sequence numbers 1626134 and 1626134 in ibdata files do not match the log sequence number 1626646 in the ib_logfiles!
2019-01-04 13:25:54 7416 [Note] InnoDB: Database was not shutdown normally!
2019-01-04 13:25:54 7416 [Note] InnoDB: Starting crash recovery.
2019-01-04 13:25:54 7416 [Note] InnoDB: Reading tablespace information from the .ibd files...
2019-01-04 13:25:54 7416 [Note] InnoDB: Restoring possible half-written data pages 
2019-01-04 13:25:54 7416 [Note] InnoDB: from the doublewrite buffer...
2019-01-04 13:25:54 7416 [Note] InnoDB: 128 rollback segment(s) are active.
2019-01-04 13:25:54 7416 [Note] InnoDB: Waiting for purge to start
2019-01-04 13:25:54 7416 [Note] InnoDB: 5.6.13 started; log sequence number 1626646
2019-01-04 13:25:54 7416 [Note] Server hostname (bind-address): '*'; port: 3307
2019-01-04 13:25:54 7416 [Note] IPv6 is available.
2019-01-04 13:25:54 7416 [Note]   - '::' resolves to '::';
2019-01-04 13:25:54 7416 [Note] Server socket created on IP: '::'.
